<?xml version="1.0" encoding="UTF-8"?>
<testng-results skipped="0" failed="1" ignored="0" total="2" passed="1">
  <reporter-output>
  </reporter-output>
  <suite name="ActitimeProjectSuite" duration-ms="40162" started-at="2022-11-07T08:46:33 IST" finished-at="2022-11-07T08:47:14 IST">
    <groups>
    </groups>
    <test name="login" duration-ms="40162" started-at="2022-11-07T08:46:33 IST" finished-at="2022-11-07T08:47:14 IST">
      <class name="com.actitime.tests.Login">
        <test-method status="PASS" signature="beforeTestMethod()[pri:0, instance:com.actitime.tests.Login@6b8ca3c8]" name="beforeTestMethod" is-config="true" duration-ms="13" started-at="2022-11-07T08:46:35 IST" finished-at="2022-11-07T08:46:35 IST">
          <reporter-output>
          </reporter-output>
        </test-method> <!-- beforeTestMethod -->
        <test-method status="PASS" signature="beforeClassMethod()[pri:0, instance:com.actitime.tests.Login@6b8ca3c8]" name="beforeClassMethod" is-config="true" duration-ms="1" started-at="2022-11-07T08:46:35 IST" finished-at="2022-11-07T08:46:35 IST">
          <reporter-output>
          </reporter-output>
        </test-method> <!-- beforeClassMethod -->
        <test-method status="PASS" signature="launchActiTimeApplication()[pri:0, instance:com.actitime.tests.Login@6b8ca3c8]" name="launchActiTimeApplication" is-config="true" duration-ms="14404" started-at="2022-11-07T08:46:35 IST" finished-at="2022-11-07T08:46:49 IST">
          <reporter-output>
          </reporter-output>
        </test-method> <!-- launchActiTimeApplication -->
        <test-method status="PASS" signature="login_001()[pri:0, instance:com.actitime.tests.Login@6b8ca3c8]" name="login_001" duration-ms="5469" started-at="2022-11-07T08:46:49 IST" finished-at="2022-11-07T08:46:54 IST">
          <reporter-output>
          </reporter-output>
        </test-method> <!-- login_001 -->
        <test-method status="PASS" signature="closeBrowser()[pri:0, instance:com.actitime.tests.Login@6b8ca3c8]" name="closeBrowser" is-config="true" duration-ms="949" started-at="2022-11-07T08:46:54 IST" finished-at="2022-11-07T08:46:55 IST">
          <reporter-output>
          </reporter-output>
        </test-method> <!-- closeBrowser -->
        <test-method status="PASS" signature="launchActiTimeApplication()[pri:0, instance:com.actitime.tests.Login@6b8ca3c8]" name="launchActiTimeApplication" is-config="true" duration-ms="11509" started-at="2022-11-07T08:46:55 IST" finished-at="2022-11-07T08:47:07 IST">
          <reporter-output>
          </reporter-output>
        </test-method> <!-- launchActiTimeApplication -->
        <test-method status="FAIL" signature="login_002()[pri:0, instance:com.actitime.tests.Login@6b8ca3c8]" name="login_002" duration-ms="5434" started-at="2022-11-07T08:47:07 IST" finished-at="2022-11-07T08:47:12 IST">
          <exception class="java.lang.AssertionError">
            <message>
              <![CDATA[The Logout link not seen Login_002 Failed expected [false] but found [true]]]>
            </message>
            <full-stacktrace>
              <![CDATA[java.lang.AssertionError: The Logout link not seen Login_002 Failed expected [false] but found [true]
at org.testng.Assert.fail(Assert.java:99)
at org.testng.Assert.failNotEquals(Assert.java:1037)
at org.testng.Assert.assertFalse(Assert.java:67)
at com.actitime.tests.Login.login_002(Login.java:50)
at sun.reflect.NativeMethodAccessorImpl.invoke0(Native Method)
at sun.reflect.NativeMethodAccessorImpl.invoke(NativeMethodAccessorImpl.java:62)
at sun.reflect.DelegatingMethodAccessorImpl.invoke(DelegatingMethodAccessorImpl.java:43)
at java.lang.reflect.Method.invoke(Method.java:498)
at org.testng.internal.MethodInvocationHelper.invokeMethod(MethodInvocationHelper.java:133)
at org.testng.internal.TestInvoker.invokeMethod(TestInvoker.java:598)
at org.testng.internal.TestInvoker.invokeTestMethod(TestInvoker.java:173)
at org.testng.internal.MethodRunner.runInSequence(MethodRunner.java:46)
at org.testng.internal.TestInvoker$MethodInvocationAgent.invoke(TestInvoker.java:824)
at org.testng.internal.TestInvoker.invokeTestMethods(TestInvoker.java:146)
at org.testng.internal.TestMethodWorker.invokeTestMethods(TestMethodWorker.java:146)
at org.testng.internal.TestMethodWorker.run(TestMethodWorker.java:128)
at java.util.ArrayList.forEach(ArrayList.java:1257)
at org.testng.TestRunner.privateRun(TestRunner.java:794)
at org.testng.TestRunner.run(TestRunner.java:596)
at org.testng.SuiteRunner.runTest(SuiteRunner.java:377)
at org.testng.SuiteRunner.runSequentially(SuiteRunner.java:371)
at org.testng.SuiteRunner.privateRun(SuiteRunner.java:332)
at org.testng.SuiteRunner.run(SuiteRunner.java:276)
at org.testng.SuiteRunnerWorker.runSuite(SuiteRunnerWorker.java:53)
at org.testng.SuiteRunnerWorker.run(SuiteRunnerWorker.java:96)
at org.testng.TestNG.runSuitesSequentially(TestNG.java:1212)
at org.testng.TestNG.runSuitesLocally(TestNG.java:1134)
at org.testng.TestNG.runSuites(TestNG.java:1063)
at org.testng.TestNG.run(TestNG.java:1031)
at org.apache.maven.surefire.testng.TestNGExecutor.run(TestNGExecutor.java:324)
at org.apache.maven.surefire.testng.TestNGXmlTestSuite.execute(TestNGXmlTestSuite.java:74)
at org.apache.maven.surefire.testng.TestNGProvider.invoke(TestNGProvider.java:123)
at org.apache.maven.surefire.booter.ForkedBooter.runSuitesInProcess(ForkedBooter.java:456)
at org.apache.maven.surefire.booter.ForkedBooter.execute(ForkedBooter.java:169)
at org.apache.maven.surefire.booter.ForkedBooter.run(ForkedBooter.java:595)
at org.apache.maven.surefire.booter.ForkedBooter.main(ForkedBooter.java:581)
]]>
            </full-stacktrace>
          </exception> <!-- java.lang.AssertionError -->
          <reporter-output>
          </reporter-output>
        </test-method> <!-- login_002 -->
        <test-method status="PASS" signature="closeBrowser()[pri:0, instance:com.actitime.tests.Login@6b8ca3c8]" name="closeBrowser" is-config="true" duration-ms="895" started-at="2022-11-07T08:47:13 IST" finished-at="2022-11-07T08:47:14 IST">
          <reporter-output>
          </reporter-output>
        </test-method> <!-- closeBrowser -->
        <test-method status="PASS" signature="afterClassMethod()[pri:0, instance:com.actitime.tests.Login@6b8ca3c8]" name="afterClassMethod" is-config="true" duration-ms="3" started-at="2022-11-07T08:47:14 IST" finished-at="2022-11-07T08:47:14 IST">
          <reporter-output>
          </reporter-output>
        </test-method> <!-- afterClassMethod -->
        <test-method status="PASS" signature="afterTestMethod()[pri:0, instance:com.actitime.tests.Login@6b8ca3c8]" name="afterTestMethod" is-config="true" duration-ms="2" started-at="2022-11-07T08:47:14 IST" finished-at="2022-11-07T08:47:14 IST">
          <reporter-output>
          </reporter-output>
        </test-method> <!-- afterTestMethod -->
      </class> <!-- com.actitime.tests.Login -->
    </test> <!-- login -->
  </suite> <!-- ActitimeProjectSuite -->
</testng-results>
